Using launch settings from Homer.NetDaemon/Properties/launchSettings.json...
Building...
/app/Homer.NetDaemon/Apps/LivingRoom/LivingRoomGoogleHome.cs(11,16): warning CS9113: Parameter 'scheduler' is unread. [/app/Homer.NetDaemon/Homer.NetDaemon.csproj]
/app/Homer.NetDaemon/Services/OpenMeteo/IOpenMeteoApi.cs(15,27): warning CS8618: Non-nullable property 'Current' must contain a non-null value when exiting constructor. Consider adding the 'required' modifier or declaring the property as nullable. [/app/Homer.NetDaemon/Homer.NetDaemon.csproj]
/app/Homer.NetDaemon/Services/DataMall/BusArrival/BusArrivalResponse.cs(20,19): warning CS8618: Non-nullable property 'OriginCode' must contain a non-null value when exiting constructor. Consider adding the 'required' modifier or declaring the property as nullable. [/app/Homer.NetDaemon/Homer.NetDaemon.csproj]
/app/Homer.NetDaemon/Services/DataMall/BusArrival/BusArrivalResponse.cs(21,19): warning CS8618: Non-nullable property 'DestinationCode' must contain a non-null value when exiting constructor. Consider adding the 'required' modifier or declaring the property as nullable. [/app/Homer.NetDaemon/Homer.NetDaemon.csproj]
/app/Homer.NetDaemon/Services/DataMall/BusArrival/BusArrivalResponse.cs(24,19): warning CS8618: Non-nullable property 'Latitude' must contain a non-null value when exiting constructor. Consider adding the 'required' modifier or declaring the property as nullable. [/app/Homer.NetDaemon/Homer.NetDaemon.csproj]
/app/Homer.NetDaemon/Services/DataMall/BusArrival/BusArrivalResponse.cs(25,19): warning CS8618: Non-nullable property 'Longitude' must contain a non-null value when exiting constructor. Consider adding the 'required' modifier or declaring the property as nullable. [/app/Homer.NetDaemon/Homer.NetDaemon.csproj]
/app/Homer.NetDaemon/Services/DataMall/BusArrival/BusArrivalResponse.cs(26,19): warning CS8618: Non-nullable property 'VisitNumber' must contain a non-null value when exiting constructor. Consider adding the 'required' modifier or declaring the property as nullable. [/app/Homer.NetDaemon/Homer.NetDaemon.csproj]
/app/Homer.NetDaemon/Services/DataMall/BusArrival/BusArrivalResponse.cs(27,19): warning CS8618: Non-nullable property 'Load' must contain a non-null value when exiting constructor. Consider adding the 'required' modifier or declaring the property as nullable. [/app/Homer.NetDaemon/Homer.NetDaemon.csproj]
/app/Homer.NetDaemon/Services/DataMall/BusArrival/BusArrivalResponse.cs(28,19): warning CS8618: Non-nullable property 'Feature' must contain a non-null value when exiting constructor. Consider adding the 'required' modifier or declaring the property as nullable. [/app/Homer.NetDaemon/Homer.NetDaemon.csproj]
/app/Homer.NetDaemon/Services/DataMall/BusArrival/BusArrivalResponse.cs(29,19): warning CS8618: Non-nullable property 'Type' must contain a non-null value when exiting constructor. Consider adding the 'required' modifier or declaring the property as nullable. [/app/Homer.NetDaemon/Homer.NetDaemon.csproj]
/app/Homer.NetDaemon/Services/DataMall/BusArrival/BusArrivalResponse.cs(11,19): warning CS8618: Non-nullable property 'ServiceNo' must contain a non-null value when exiting constructor. Consider adding the 'required' modifier or declaring the property as nullable. [/app/Homer.NetDaemon/Homer.NetDaemon.csproj]
/app/Homer.NetDaemon/Services/DataMall/BusArrival/BusArrivalResponse.cs(12,19): warning CS8618: Non-nullable property 'Operator' must contain a non-null value when exiting constructor. Consider adding the 'required' modifier or declaring the property as nullable. [/app/Homer.NetDaemon/Homer.NetDaemon.csproj]
/app/Homer.NetDaemon/Services/DataMall/BusArrival/BusArrivalResponse.cs(13,20): warning CS8618: Non-nullable property 'NextBus' must contain a non-null value when exiting constructor. Consider adding the 'required' modifier or declaring the property as nullable. [/app/Homer.NetDaemon/Homer.NetDaemon.csproj]
/app/Homer.NetDaemon/Services/DataMall/BusArrival/BusArrivalResponse.cs(14,20): warning CS8618: Non-nullable property 'NextBus2' must contain a non-null value when exiting constructor. Consider adding the 'required' modifier or declaring the property as nullable. [/app/Homer.NetDaemon/Homer.NetDaemon.csproj]
/app/Homer.NetDaemon/Services/DataMall/BusArrival/BusArrivalResponse.cs(15,20): warning CS8618: Non-nullable property 'NextBus3' must contain a non-null value when exiting constructor. Consider adding the 'required' modifier or declaring the property as nullable. [/app/Homer.NetDaemon/Homer.NetDaemon.csproj]
/app/Homer.NetDaemon/Services/DataMall/BusArrival/BusArrivalResponse.cs(5,19): warning CS8618: Non-nullable property 'BusStopCode' must contain a non-null value when exiting constructor. Consider adding the 'required' modifier or declaring the property as nullable. [/app/Homer.NetDaemon/Homer.NetDaemon.csproj]
/app/Homer.NetDaemon/Services/DataMall/BusArrival/BusArrivalResponse.cs(6,26): warning CS8618: Non-nullable property 'Services' must contain a non-null value when exiting constructor. Consider adding the 'required' modifier or declaring the property as nullable. [/app/Homer.NetDaemon/Homer.NetDaemon.csproj]
/app/Homer.NetDaemon/Options/SimplyGoOptions.cs(7,19): warning CS8618: Non-nullable property 'ApiKey' must contain a non-null value when exiting constructor. Consider adding the 'required' modifier or declaring the property as nullable. [/app/Homer.NetDaemon/Homer.NetDaemon.csproj]
/app/Homer.NetDaemon/Options/KdkOptions.cs(6,19): warning CS8618: Non-nullable property 'RefreshToken' must contain a non-null value when exiting constructor. Consider adding the 'required' modifier or declaring the property as nullable. [/app/Homer.NetDaemon/Homer.NetDaemon.csproj]
/app/Homer.NetDaemon/Options/KdkOptions.cs(7,19): warning CS8618: Non-nullable property 'ApiKey' must contain a non-null value when exiting constructor. Consider adding the 'required' modifier or declaring the property as nullable. [/app/Homer.NetDaemon/Homer.NetDaemon.csproj]
/app/Homer.NetDaemon/Options/GoogleHomeDashboardOptions.cs(5,19): warning CS8618: Non-nullable property 'Secret' must contain a non-null value when exiting constructor. Consider adding the 'required' modifier or declaring the property as nullable. [/app/Homer.NetDaemon/Homer.NetDaemon.csproj]
/app/Homer.NetDaemon/Options/DataMallOptions.cs(5,19): warning CS8618: Non-nullable property 'AccountKey' must contain a non-null value when exiting constructor. Consider adding the 'required' modifier or declaring the property as nullable. [/app/Homer.NetDaemon/Homer.NetDaemon.csproj]
/app/Homer.NetDaemon/Apps/Balcony/RainyWeatherCloseBlinds.cs(16,23): warning CS9113: Parameter 'textEntities' is unread. [/app/Homer.NetDaemon/Homer.NetDaemon.csproj]
/app/Homer.NetDaemon/Apps/Balcony/RainyWeatherCloseBlinds.cs(19,17): warning CS9113: Parameter 'registry' is unread. [/app/Homer.NetDaemon/Homer.NetDaemon.csproj]
/app/Homer.NetDaemon/Apps/Balcony/RainyWeatherCloseBlinds.cs(132,67): warning CS8604: Possible null reference argument for parameter 'json' in 'ActionData? JsonSerializer.Deserialize<ActionData>(string json, JsonSerializerOptions? options = null)'. [/app/Homer.NetDaemon/Homer.NetDaemon.csproj]
info: Microsoft.AspNetCore.DataProtection.KeyManagement.XmlKeyManager[62]
      User profile is available. Using '/home/jules/.aspnet/DataProtection-Keys' as key repository; keys will not be encrypted at rest.
info: NetDaemon.Runtime.Internal.NetDaemonRuntime[0]
      Starting NetDaemon runtime version 26.21.0.
info: NetDaemon.Runtime.Internal.NetDaemonRuntime[0]
      Home Assistant disconnected due to unknown error, set loglevel to debug to view details
info: NetDaemon.Client.IHomeAssistantRunner[0]
      Client connection failed, retrying in 5 seconds...
info: Microsoft.Hosting.Lifetime[14]
      Now listening on: http://localhost:5141
info: Microsoft.Hosting.Lifetime[0]
      Application started. Press Ctrl+C to shut down.
info: Microsoft.Hosting.Lifetime[0]
      Hosting environment: Development
info: Microsoft.Hosting.Lifetime[0]
      Content root path: /app/Homer.NetDaemon
info: NetDaemon.Runtime.Internal.NetDaemonRuntime[0]
      Home Assistant disconnected due to unknown error, set loglevel to debug to view details
info: NetDaemon.Client.IHomeAssistantRunner[0]
      Client connection failed, retrying in 10 seconds...
info: NetDaemon.Runtime.Internal.NetDaemonRuntime[0]
      Home Assistant disconnected due to unknown error, set loglevel to debug to view details
info: NetDaemon.Client.IHomeAssistantRunner[0]
      Client connection failed, retrying in 20 seconds...
info: NetDaemon.Runtime.Internal.NetDaemonRuntime[0]
      Home Assistant disconnected due to unknown error, set loglevel to debug to view details
info: NetDaemon.Client.IHomeAssistantRunner[0]
      Client connection failed, retrying in 40 seconds...
info: NetDaemon.Runtime.Internal.NetDaemonRuntime[0]
      Home Assistant disconnected due to unknown error, set loglevel to debug to view details
info: NetDaemon.Client.IHomeAssistantRunner[0]
      Client connection failed, retrying in 80 seconds...
info: Microsoft.AspNetCore.Hosting.Diagnostics[1]
      Request starting HTTP/1.1 GET http://localhost:5141/Blinds - - -
warn: Microsoft.AspNetCore.HttpsPolicy.HttpsRedirectionMiddleware[3]
      Failed to determine the https port for redirect.
info: Microsoft.AspNetCore.Routing.EndpointMiddleware[0]
      Executing endpoint '/Blinds (/Blinds)'
info: BootstrapBlazor.Components.JsonStringLocalizer[0]
      JsonStringLocalizer searched for 'ToastTitle' in 'BootstrapBlazor.Components.ErrorLogger' with culture 'en' not found.
info: Microsoft.AspNetCore.Routing.EndpointMiddleware[1]
      Executed endpoint '/Blinds (/Blinds)'
info: Microsoft.AspNetCore.Hosting.Diagnostics[1]
      Request starting HTTP/1.1 GET http://localhost:5141/_content/BootstrapBlazor/js/bootstrap.blazor.bundle.min.js - - -
info: Microsoft.AspNetCore.Hosting.Diagnostics[1]
      Request starting HTTP/1.1 GET http://localhost:5141/app.dgcqyei9lb.css - - -
info: Microsoft.AspNetCore.Hosting.Diagnostics[1]
      Request starting HTTP/1.1 GET http://localhost:5141/_content/BootstrapBlazor/css/motronic.min.3mkwb5lvaz.css - - -
info: Microsoft.AspNetCore.Hosting.Diagnostics[1]
      Request starting HTTP/1.1 GET http://localhost:5141/_content/BootstrapBlazor/css/bootstrap.blazor.bundle.min.j9moevjkyc.css - - -
info: Microsoft.AspNetCore.Hosting.Diagnostics[1]
      Request starting HTTP/1.1 GET http://localhost:5141/Homer.NetDaemon.styles.css - - -
info: Microsoft.AspNetCore.Hosting.Diagnostics[2]
      Request finished HTTP/1.1 GET http://localhost:5141/Blinds - 200 - text/html;+charset=utf-8 432.2775ms
info: Microsoft.AspNetCore.Hosting.Diagnostics[1]
      Request starting HTTP/1.1 GET http://localhost:5141/_content/BootstrapBlazor.FontAwesome/css/font-awesome.min.7mw5e8h29x.css - - -
info: Microsoft.AspNetCore.Routing.EndpointMiddleware[0]
      Executing endpoint 'Microsoft.AspNetCore.Routing.RouteEndpoint'
info: Microsoft.AspNetCore.Routing.EndpointMiddleware[0]
      Executing endpoint 'Microsoft.AspNetCore.Routing.RouteEndpoint'
info: Microsoft.AspNetCore.Routing.EndpointMiddleware[0]
      Executing endpoint 'Microsoft.AspNetCore.Routing.RouteEndpoint'
info: Microsoft.AspNetCore.Hosting.Diagnostics[2]
      Request finished HTTP/1.1 GET http://localhost:5141/Homer.NetDaemon.styles.css - 404 0 - 16.6403ms
info: Microsoft.AspNetCore.Hosting.Diagnostics[16]
      Request reached the end of the middleware pipeline without being handled by application code. Request path: GET http://localhost:5141/Homer.NetDaemon.styles.css, Response status code: 404
info: Microsoft.AspNetCore.Routing.EndpointMiddleware[0]
      Executing endpoint 'Microsoft.AspNetCore.Routing.RouteEndpoint'
info: Microsoft.AspNetCore.Routing.EndpointMiddleware[0]
      Executing endpoint 'Microsoft.AspNetCore.Routing.RouteEndpoint'
info: Microsoft.AspNetCore.Hosting.Diagnostics[1]
      Request starting HTTP/1.1 GET http://localhost:5141/_framework/blazor.web.js - - -
info: Microsoft.AspNetCore.Routing.EndpointMiddleware[0]
      Executing endpoint 'Microsoft.AspNetCore.Routing.RouteEndpoint'
info: Microsoft.AspNetCore.StaticAssets.StaticAssetsInvoker[2]
      Sending file. Request path: '_framework/blazor.web.js'. Physical path: '/app/Homer.NetDaemon/obj/Debug/net11.0/compressed/jy6c0macvy-{0}-jhtu0pd8ny-jhtu0pd8ny.gz'
info: Microsoft.AspNetCore.StaticAssets.StaticAssetsInvoker[2]
      Sending file. Request path: '_content/BootstrapBlazor/css/motronic.min.3mkwb5lvaz.css'. Physical path: '/home/jules/.nuget/packages/bootstrapblazor/10.7.1/staticwebassets/css/motronic.min.css'
info: Microsoft.AspNetCore.StaticAssets.StaticAssetsInvoker[2]
      Sending file. Request path: '_content/BootstrapBlazor.FontAwesome/css/font-awesome.min.7mw5e8h29x.css'. Physical path: '/home/jules/.nuget/packages/bootstrapblazor.fontawesome/10.0.1/staticwebassets/css/font-awesome.min.css'
info: Microsoft.AspNetCore.StaticAssets.StaticAssetsInvoker[2]
      Sending file. Request path: 'app.dgcqyei9lb.css'. Physical path: '/app/Homer.NetDaemon/obj/Debug/net11.0/compressed/w24awtffz9-{0}-dgcqyei9lb-dgcqyei9lb.gz'
info: Microsoft.AspNetCore.StaticAssets.StaticAssetsInvoker[2]
      Sending file. Request path: '_content/BootstrapBlazor/js/bootstrap.blazor.bundle.min.js'. Physical path: '/app/Homer.NetDaemon/obj/Debug/net11.0/compressed/384tdka5d1-{0}-wvublzrdv8-wvublzrdv8.gz'
info: Microsoft.AspNetCore.Routing.EndpointMiddleware[1]
      Executed endpoint 'Microsoft.AspNetCore.Routing.RouteEndpoint'
info: Microsoft.AspNetCore.Hosting.Diagnostics[2]
      Request finished HTTP/1.1 GET http://localhost:5141/_content/BootstrapBlazor.FontAwesome/css/font-awesome.min.7mw5e8h29x.css - 200 75744 text/css 24.5178ms
info: Microsoft.AspNetCore.StaticAssets.StaticAssetsInvoker[2]
      Sending file. Request path: '_content/BootstrapBlazor/css/bootstrap.blazor.bundle.min.j9moevjkyc.css'. Physical path: '/home/jules/.nuget/packages/bootstrapblazor/10.7.1/staticwebassets/css/bootstrap.blazor.bundle.min.css'
info: Microsoft.AspNetCore.Routing.EndpointMiddleware[1]
      Executed endpoint 'Microsoft.AspNetCore.Routing.RouteEndpoint'
info: Microsoft.AspNetCore.Hosting.Diagnostics[2]
      Request finished HTTP/1.1 GET http://localhost:5141/_content/BootstrapBlazor/css/bootstrap.blazor.bundle.min.j9moevjkyc.css - 200 566908 text/css 37.6111ms
info: Microsoft.AspNetCore.Routing.EndpointMiddleware[1]
      Executed endpoint 'Microsoft.AspNetCore.Routing.RouteEndpoint'
info: Microsoft.AspNetCore.Hosting.Diagnostics[2]
      Request finished HTTP/1.1 GET http://localhost:5141/_framework/blazor.web.js - 200 63993 text/javascript 16.4190ms
info: Microsoft.AspNetCore.Routing.EndpointMiddleware[1]
      Executed endpoint 'Microsoft.AspNetCore.Routing.RouteEndpoint'
info: Microsoft.AspNetCore.Hosting.Diagnostics[2]
      Request finished HTTP/1.1 GET http://localhost:5141/app.dgcqyei9lb.css - 200 1142 text/css 38.0739ms
info: Microsoft.AspNetCore.Routing.EndpointMiddleware[1]
      Executed endpoint 'Microsoft.AspNetCore.Routing.RouteEndpoint'
info: Microsoft.AspNetCore.Hosting.Diagnostics[2]
      Request finished HTTP/1.1 GET http://localhost:5141/_content/BootstrapBlazor/css/motronic.min.3mkwb5lvaz.css - 200 12447 text/css 37.9191ms
info: Microsoft.AspNetCore.Routing.EndpointMiddleware[1]
      Executed endpoint 'Microsoft.AspNetCore.Routing.RouteEndpoint'
info: Microsoft.AspNetCore.Hosting.Diagnostics[2]
      Request finished HTTP/1.1 GET http://localhost:5141/_content/BootstrapBlazor/js/bootstrap.blazor.bundle.min.js - 200 80539 text/javascript 39.3990ms
info: Microsoft.AspNetCore.Hosting.Diagnostics[1]
      Request starting HTTP/1.1 GET http://localhost:5141/_content/BootstrapBlazor.FontAwesome/webfonts/fa-solid-900.woff2 - - -
info: Microsoft.AspNetCore.Routing.EndpointMiddleware[0]
      Executing endpoint 'Microsoft.AspNetCore.Routing.RouteEndpoint'
info: Microsoft.AspNetCore.StaticAssets.StaticAssetsInvoker[2]
      Sending file. Request path: '_content/BootstrapBlazor.FontAwesome/webfonts/fa-solid-900.woff2'. Physical path: '/home/jules/.nuget/packages/bootstrapblazor.fontawesome/10.0.1/staticwebassets/webfonts/fa-solid-900.woff2'
info: Microsoft.AspNetCore.Routing.EndpointMiddleware[1]
      Executed endpoint 'Microsoft.AspNetCore.Routing.RouteEndpoint'
info: Microsoft.AspNetCore.Hosting.Diagnostics[2]
      Request finished HTTP/1.1 GET http://localhost:5141/_content/BootstrapBlazor.FontAwesome/webfonts/fa-solid-900.woff2 - 200 114740 font/woff2 6.0944ms
info: Microsoft.AspNetCore.Hosting.Diagnostics[1]
      Request starting HTTP/1.1 GET http://localhost:5141/_framework/Microsoft.DotNet.HotReload.WebAssembly.Browser.p2tktok1gl.lib.module.js - - -
info: Microsoft.AspNetCore.Routing.EndpointMiddleware[0]
      Executing endpoint 'Microsoft.AspNetCore.Routing.RouteEndpoint'
info: Microsoft.AspNetCore.StaticAssets.StaticAssetsInvoker[2]
      Sending file. Request path: '_framework/Microsoft.DotNet.HotReload.WebAssembly.Browser.p2tktok1gl.lib.module.js'. Physical path: '/app/Homer.NetDaemon.Client/obj/Debug/net11.0/compressed/oglonkgrj9-{0}-p2tktok1gl-p2tktok1gl.gz'
info: Microsoft.AspNetCore.Routing.EndpointMiddleware[1]
      Executed endpoint 'Microsoft.AspNetCore.Routing.RouteEndpoint'
info: Microsoft.AspNetCore.Hosting.Diagnostics[2]
      Request finished HTTP/1.1 GET http://localhost:5141/_framework/Microsoft.DotNet.HotReload.WebAssembly.Browser.p2tktok1gl.lib.module.js - 200 689 text/javascript 2.1622ms
info: Microsoft.AspNetCore.Hosting.Diagnostics[1]
      Request starting HTTP/1.1 POST http://localhost:5141/_blazor/negotiate?negotiateVersion=1 - - 0
info: Microsoft.AspNetCore.Routing.EndpointMiddleware[0]
      Executing endpoint 'Microsoft.AspNetCore.Routing.RouteEndpoint'
info: Microsoft.AspNetCore.Routing.EndpointMiddleware[1]
      Executed endpoint 'Microsoft.AspNetCore.Routing.RouteEndpoint'
info: Microsoft.AspNetCore.Hosting.Diagnostics[2]
      Request finished HTTP/1.1 POST http://localhost:5141/_blazor/negotiate?negotiateVersion=1 - 200 316 application/json 9.3490ms
info: Microsoft.AspNetCore.Hosting.Diagnostics[1]
      Request starting HTTP/1.1 GET http://localhost:5141/_blazor?id=r7fl913HtC3Cgd1qWoAnMw - - -
info: Microsoft.AspNetCore.Routing.EndpointMiddleware[0]
      Executing endpoint 'Microsoft.AspNetCore.Routing.RouteEndpoint'
info: Microsoft.AspNetCore.Routing.EndpointMiddleware[1]
      Executed endpoint 'Microsoft.AspNetCore.Routing.RouteEndpoint'
info: Microsoft.AspNetCore.Hosting.Diagnostics[2]
      Request finished HTTP/1.1 GET http://localhost:5141/_blazor?id=r7fl913HtC3Cgd1qWoAnMw - 101 - - 3043.6652ms
info: NetDaemon.Runtime.Internal.NetDaemonRuntime[0]
      Home Assistant disconnected due to unknown error, set loglevel to debug to view details
info: NetDaemon.Client.IHomeAssistantRunner[0]
      Client connection failed, retrying in 80 seconds...
info: NetDaemon.Runtime.Internal.NetDaemonRuntime[0]
      Home Assistant disconnected due to unknown error, set loglevel to debug to view details
info: NetDaemon.Client.IHomeAssistantRunner[0]
      Client connection failed, retrying in 80 seconds...
info: NetDaemon.Runtime.Internal.NetDaemonRuntime[0]
      Home Assistant disconnected due to unknown error, set loglevel to debug to view details
info: NetDaemon.Client.IHomeAssistantRunner[0]
      Client connection failed, retrying in 80 seconds...
info: Microsoft.AspNetCore.Hosting.Diagnostics[1]
      Request starting HTTP/1.1 GET http://localhost:5141/Blinds - - -
info: Microsoft.AspNetCore.Routing.EndpointMiddleware[0]
      Executing endpoint '/Blinds (/Blinds)'
info: BootstrapBlazor.Components.JsonStringLocalizer[0]
      JsonStringLocalizer searched for 'ToastTitle' in 'BootstrapBlazor.Components.ErrorLogger' with culture '' not found.
info: Microsoft.AspNetCore.Routing.EndpointMiddleware[1]
      Executed endpoint '/Blinds (/Blinds)'
info: Microsoft.AspNetCore.Hosting.Diagnostics[2]
      Request finished HTTP/1.1 GET http://localhost:5141/Blinds - 200 - text/html;+charset=utf-8 26.3977ms
info: Microsoft.AspNetCore.Hosting.Diagnostics[1]
      Request starting HTTP/1.1 GET http://localhost:5141/_content/BootstrapBlazor.FontAwesome/css/font-awesome.min.7mw5e8h29x.css - - -
info: Microsoft.AspNetCore.Routing.EndpointMiddleware[0]
      Executing endpoint 'Microsoft.AspNetCore.Routing.RouteEndpoint'
info: Microsoft.AspNetCore.StaticAssets.StaticAssetsInvoker[2]
      Sending file. Request path: '_content/BootstrapBlazor.FontAwesome/css/font-awesome.min.7mw5e8h29x.css'. Physical path: '/home/jules/.nuget/packages/bootstrapblazor.fontawesome/10.0.1/staticwebassets/css/font-awesome.min.css'
info: Microsoft.AspNetCore.Routing.EndpointMiddleware[1]
      Executed endpoint 'Microsoft.AspNetCore.Routing.RouteEndpoint'
info: Microsoft.AspNetCore.Hosting.Diagnostics[2]
      Request finished HTTP/1.1 GET http://localhost:5141/_content/BootstrapBlazor.FontAwesome/css/font-awesome.min.7mw5e8h29x.css - 200 75744 text/css 2.5677ms
info: Microsoft.AspNetCore.Hosting.Diagnostics[1]
      Request starting HTTP/1.1 GET http://localhost:5141/app.dgcqyei9lb.css - - -
info: Microsoft.AspNetCore.Routing.EndpointMiddleware[0]
      Executing endpoint 'Microsoft.AspNetCore.Routing.RouteEndpoint'
info: Microsoft.AspNetCore.Hosting.Diagnostics[1]
      Request starting HTTP/1.1 GET http://localhost:5141/_content/BootstrapBlazor/css/bootstrap.blazor.bundle.min.j9moevjkyc.css - - -
info: Microsoft.AspNetCore.StaticAssets.StaticAssetsInvoker[2]
      Sending file. Request path: 'app.dgcqyei9lb.css'. Physical path: '/app/Homer.NetDaemon/obj/Debug/net11.0/compressed/w24awtffz9-{0}-dgcqyei9lb-dgcqyei9lb.gz'
info: Microsoft.AspNetCore.Routing.EndpointMiddleware[1]
      Executed endpoint 'Microsoft.AspNetCore.Routing.RouteEndpoint'
info: Microsoft.AspNetCore.Hosting.Diagnostics[2]
      Request finished HTTP/1.1 GET http://localhost:5141/app.dgcqyei9lb.css - 200 1142 text/css 0.8982ms
info: Microsoft.AspNetCore.Hosting.Diagnostics[1]
      Request starting HTTP/1.1 GET http://localhost:5141/Homer.NetDaemon.styles.css - - -
info: Microsoft.AspNetCore.Hosting.Diagnostics[2]
      Request finished HTTP/1.1 GET http://localhost:5141/Homer.NetDaemon.styles.css - 404 0 - 0.2416ms
info: Microsoft.AspNetCore.Hosting.Diagnostics[16]
      Request reached the end of the middleware pipeline without being handled by application code. Request path: GET http://localhost:5141/Homer.NetDaemon.styles.css, Response status code: 404
info: Microsoft.AspNetCore.Hosting.Diagnostics[1]
      Request starting HTTP/1.1 GET http://localhost:5141/_content/BootstrapBlazor/js/bootstrap.blazor.bundle.min.js - - -
info: Microsoft.AspNetCore.Hosting.Diagnostics[1]
      Request starting HTTP/1.1 GET http://localhost:5141/_content/BootstrapBlazor/css/motronic.min.3mkwb5lvaz.css - - -
info: Microsoft.AspNetCore.Hosting.Diagnostics[1]
      Request starting HTTP/1.1 GET http://localhost:5141/_framework/blazor.web.js - - -
info: Microsoft.AspNetCore.Routing.EndpointMiddleware[0]
      Executing endpoint 'Microsoft.AspNetCore.Routing.RouteEndpoint'
info: Microsoft.AspNetCore.Routing.EndpointMiddleware[0]
      Executing endpoint 'Microsoft.AspNetCore.Routing.RouteEndpoint'
info: Microsoft.AspNetCore.Routing.EndpointMiddleware[0]
      Executing endpoint 'Microsoft.AspNetCore.Routing.RouteEndpoint'
info: Microsoft.AspNetCore.Routing.EndpointMiddleware[0]
      Executing endpoint 'Microsoft.AspNetCore.Routing.RouteEndpoint'
info: Microsoft.AspNetCore.StaticAssets.StaticAssetsInvoker[2]
      Sending file. Request path: '_content/BootstrapBlazor/css/motronic.min.3mkwb5lvaz.css'. Physical path: '/home/jules/.nuget/packages/bootstrapblazor/10.7.1/staticwebassets/css/motronic.min.css'
info: Microsoft.AspNetCore.Routing.EndpointMiddleware[1]
      Executed endpoint 'Microsoft.AspNetCore.Routing.RouteEndpoint'
info: Microsoft.AspNetCore.Hosting.Diagnostics[2]
      Request finished HTTP/1.1 GET http://localhost:5141/_content/BootstrapBlazor/css/motronic.min.3mkwb5lvaz.css - 200 12447 text/css 5.5450ms
info: Microsoft.AspNetCore.StaticAssets.StaticAssetsInvoker[2]
      Sending file. Request path: '_content/BootstrapBlazor/js/bootstrap.blazor.bundle.min.js'. Physical path: '/app/Homer.NetDaemon/obj/Debug/net11.0/compressed/384tdka5d1-{0}-wvublzrdv8-wvublzrdv8.gz'
info: Microsoft.AspNetCore.Routing.EndpointMiddleware[1]
      Executed endpoint 'Microsoft.AspNetCore.Routing.RouteEndpoint'
info: Microsoft.AspNetCore.Hosting.Diagnostics[2]
      Request finished HTTP/1.1 GET http://localhost:5141/_content/BootstrapBlazor/js/bootstrap.blazor.bundle.min.js - 200 80539 text/javascript 6.9159ms
info: Microsoft.AspNetCore.StaticAssets.StaticAssetsInvoker[2]
      Sending file. Request path: '_framework/blazor.web.js'. Physical path: '/app/Homer.NetDaemon/obj/Debug/net11.0/compressed/jy6c0macvy-{0}-jhtu0pd8ny-jhtu0pd8ny.gz'
info: Microsoft.AspNetCore.Routing.EndpointMiddleware[1]
      Executed endpoint 'Microsoft.AspNetCore.Routing.RouteEndpoint'
info: Microsoft.AspNetCore.Hosting.Diagnostics[2]
      Request finished HTTP/1.1 GET http://localhost:5141/_framework/blazor.web.js - 200 63993 text/javascript 6.4511ms
info: Microsoft.AspNetCore.StaticAssets.StaticAssetsInvoker[2]
      Sending file. Request path: '_content/BootstrapBlazor/css/bootstrap.blazor.bundle.min.j9moevjkyc.css'. Physical path: '/home/jules/.nuget/packages/bootstrapblazor/10.7.1/staticwebassets/css/bootstrap.blazor.bundle.min.css'
info: Microsoft.AspNetCore.Routing.EndpointMiddleware[1]
      Executed endpoint 'Microsoft.AspNetCore.Routing.RouteEndpoint'
info: Microsoft.AspNetCore.Hosting.Diagnostics[2]
      Request finished HTTP/1.1 GET http://localhost:5141/_content/BootstrapBlazor/css/bootstrap.blazor.bundle.min.j9moevjkyc.css - 200 566908 text/css 10.5576ms
info: Microsoft.AspNetCore.Hosting.Diagnostics[1]
      Request starting HTTP/1.1 GET http://localhost:5141/_content/BootstrapBlazor.FontAwesome/webfonts/fa-solid-900.woff2 - - -
info: Microsoft.AspNetCore.Routing.EndpointMiddleware[0]
      Executing endpoint 'Microsoft.AspNetCore.Routing.RouteEndpoint'
info: Microsoft.AspNetCore.StaticAssets.StaticAssetsInvoker[2]
      Sending file. Request path: '_content/BootstrapBlazor.FontAwesome/webfonts/fa-solid-900.woff2'. Physical path: '/home/jules/.nuget/packages/bootstrapblazor.fontawesome/10.0.1/staticwebassets/webfonts/fa-solid-900.woff2'
info: Microsoft.AspNetCore.Routing.EndpointMiddleware[1]
      Executed endpoint 'Microsoft.AspNetCore.Routing.RouteEndpoint'
info: Microsoft.AspNetCore.Hosting.Diagnostics[2]
      Request finished HTTP/1.1 GET http://localhost:5141/_content/BootstrapBlazor.FontAwesome/webfonts/fa-solid-900.woff2 - 200 114740 font/woff2 5.2687ms
info: Microsoft.AspNetCore.Hosting.Diagnostics[1]
      Request starting HTTP/1.1 GET http://localhost:5141/_framework/Microsoft.DotNet.HotReload.WebAssembly.Browser.p2tktok1gl.lib.module.js - - -
info: Microsoft.AspNetCore.Routing.EndpointMiddleware[0]
      Executing endpoint 'Microsoft.AspNetCore.Routing.RouteEndpoint'
info: Microsoft.AspNetCore.StaticAssets.StaticAssetsInvoker[2]
      Sending file. Request path: '_framework/Microsoft.DotNet.HotReload.WebAssembly.Browser.p2tktok1gl.lib.module.js'. Physical path: '/app/Homer.NetDaemon.Client/obj/Debug/net11.0/compressed/oglonkgrj9-{0}-p2tktok1gl-p2tktok1gl.gz'
info: Microsoft.AspNetCore.Routing.EndpointMiddleware[1]
      Executed endpoint 'Microsoft.AspNetCore.Routing.RouteEndpoint'
info: Microsoft.AspNetCore.Hosting.Diagnostics[2]
      Request finished HTTP/1.1 GET http://localhost:5141/_framework/Microsoft.DotNet.HotReload.WebAssembly.Browser.p2tktok1gl.lib.module.js - 200 689 text/javascript 0.7035ms
info: Microsoft.AspNetCore.Hosting.Diagnostics[1]
      Request starting HTTP/1.1 POST http://localhost:5141/_blazor/negotiate?negotiateVersion=1 - - 0
info: Microsoft.AspNetCore.Routing.EndpointMiddleware[0]
      Executing endpoint 'Microsoft.AspNetCore.Routing.RouteEndpoint'
info: Microsoft.AspNetCore.Routing.EndpointMiddleware[1]
      Executed endpoint 'Microsoft.AspNetCore.Routing.RouteEndpoint'
info: Microsoft.AspNetCore.Hosting.Diagnostics[2]
      Request finished HTTP/1.1 POST http://localhost:5141/_blazor/negotiate?negotiateVersion=1 - 200 316 application/json 1.5666ms
info: Microsoft.AspNetCore.Hosting.Diagnostics[1]
      Request starting HTTP/1.1 GET http://localhost:5141/_blazor?id=Knd5VEurPFGrZeuwmdG8EQ - - -
info: Microsoft.AspNetCore.Routing.EndpointMiddleware[0]
      Executing endpoint 'Microsoft.AspNetCore.Routing.RouteEndpoint'
info: Microsoft.AspNetCore.Routing.EndpointMiddleware[1]
      Executed endpoint 'Microsoft.AspNetCore.Routing.RouteEndpoint'
info: Microsoft.AspNetCore.Hosting.Diagnostics[2]
      Request finished HTTP/1.1 GET http://localhost:5141/_blazor?id=Knd5VEurPFGrZeuwmdG8EQ - 101 - - 3035.0955ms
info: NetDaemon.Runtime.Internal.NetDaemonRuntime[0]
      Home Assistant disconnected due to unknown error, set loglevel to debug to view details
info: NetDaemon.Client.IHomeAssistantRunner[0]
      Client connection failed, retrying in 80 seconds...
info: NetDaemon.Runtime.Internal.NetDaemonRuntime[0]
      Home Assistant disconnected due to unknown error, set loglevel to debug to view details
info: NetDaemon.Client.IHomeAssistantRunner[0]
      Client connection failed, retrying in 80 seconds...
info: Microsoft.AspNetCore.Hosting.Diagnostics[1]
      Request starting HTTP/1.1 GET http://localhost:5141/Blinds - - -
info: Microsoft.AspNetCore.Routing.EndpointMiddleware[0]
      Executing endpoint '/Blinds (/Blinds)'
info: BootstrapBlazor.Components.JsonStringLocalizer[0]
      JsonStringLocalizer searched for 'ToastTitle' in 'BootstrapBlazor.Components.ErrorLogger' with culture '' not found.
info: Microsoft.AspNetCore.Routing.EndpointMiddleware[1]
      Executed endpoint '/Blinds (/Blinds)'
info: Microsoft.AspNetCore.Hosting.Diagnostics[2]
      Request finished HTTP/1.1 GET http://localhost:5141/Blinds - 200 - text/html;+charset=utf-8 13.2192ms
info: Microsoft.AspNetCore.Hosting.Diagnostics[1]
      Request starting HTTP/1.1 GET http://localhost:5141/_content/BootstrapBlazor/css/bootstrap.blazor.bundle.min.j9moevjkyc.css - - -
info: Microsoft.AspNetCore.Routing.EndpointMiddleware[0]
      Executing endpoint 'Microsoft.AspNetCore.Routing.RouteEndpoint'
info: Microsoft.AspNetCore.Hosting.Diagnostics[1]
      Request starting HTTP/1.1 GET http://localhost:5141/_content/BootstrapBlazor/css/motronic.min.3mkwb5lvaz.css - - -
info: Microsoft.AspNetCore.Routing.EndpointMiddleware[0]
      Executing endpoint 'Microsoft.AspNetCore.Routing.RouteEndpoint'
info: Microsoft.AspNetCore.StaticAssets.StaticAssetsInvoker[2]
      Sending file. Request path: '_content/BootstrapBlazor/css/motronic.min.3mkwb5lvaz.css'. Physical path: '/home/jules/.nuget/packages/bootstrapblazor/10.7.1/staticwebassets/css/motronic.min.css'
info: Microsoft.AspNetCore.Routing.EndpointMiddleware[1]
      Executed endpoint 'Microsoft.AspNetCore.Routing.RouteEndpoint'
info: Microsoft.AspNetCore.Hosting.Diagnostics[2]
      Request finished HTTP/1.1 GET http://localhost:5141/_content/BootstrapBlazor/css/motronic.min.3mkwb5lvaz.css - 200 12447 text/css 0.8701ms
info: Microsoft.AspNetCore.Hosting.Diagnostics[1]
      Request starting HTTP/1.1 GET http://localhost:5141/app.dgcqyei9lb.css - - -
info: Microsoft.AspNetCore.Routing.EndpointMiddleware[0]
      Executing endpoint 'Microsoft.AspNetCore.Routing.RouteEndpoint'
info: Microsoft.AspNetCore.StaticAssets.StaticAssetsInvoker[2]
      Sending file. Request path: 'app.dgcqyei9lb.css'. Physical path: '/app/Homer.NetDaemon/obj/Debug/net11.0/compressed/w24awtffz9-{0}-dgcqyei9lb-dgcqyei9lb.gz'
info: Microsoft.AspNetCore.Routing.EndpointMiddleware[1]
      Executed endpoint 'Microsoft.AspNetCore.Routing.RouteEndpoint'
info: Microsoft.AspNetCore.Hosting.Diagnostics[2]
      Request finished HTTP/1.1 GET http://localhost:5141/app.dgcqyei9lb.css - 200 1142 text/css 0.6019ms
info: Microsoft.AspNetCore.Hosting.Diagnostics[1]
      Request starting HTTP/1.1 GET http://localhost:5141/Homer.NetDaemon.styles.css - - -
info: Microsoft.AspNetCore.Hosting.Diagnostics[2]
      Request finished HTTP/1.1 GET http://localhost:5141/Homer.NetDaemon.styles.css - 404 0 - 0.2418ms
info: Microsoft.AspNetCore.Hosting.Diagnostics[16]
      Request reached the end of the middleware pipeline without being handled by application code. Request path: GET http://localhost:5141/Homer.NetDaemon.styles.css, Response status code: 404
info: Microsoft.AspNetCore.Hosting.Diagnostics[1]
      Request starting HTTP/1.1 GET http://localhost:5141/_content/BootstrapBlazor.FontAwesome/css/font-awesome.min.7mw5e8h29x.css - - -
info: Microsoft.AspNetCore.Routing.EndpointMiddleware[0]
      Executing endpoint 'Microsoft.AspNetCore.Routing.RouteEndpoint'
info: Microsoft.AspNetCore.Hosting.Diagnostics[1]
      Request starting HTTP/1.1 GET http://localhost:5141/_content/BootstrapBlazor/js/bootstrap.blazor.bundle.min.js - - -
info: Microsoft.AspNetCore.Routing.EndpointMiddleware[0]
      Executing endpoint 'Microsoft.AspNetCore.Routing.RouteEndpoint'
info: Microsoft.AspNetCore.StaticAssets.StaticAssetsInvoker[2]
      Sending file. Request path: '_content/BootstrapBlazor.FontAwesome/css/font-awesome.min.7mw5e8h29x.css'. Physical path: '/home/jules/.nuget/packages/bootstrapblazor.fontawesome/10.0.1/staticwebassets/css/font-awesome.min.css'
info: Microsoft.AspNetCore.Routing.EndpointMiddleware[1]
      Executed endpoint 'Microsoft.AspNetCore.Routing.RouteEndpoint'
info: Microsoft.AspNetCore.Hosting.Diagnostics[2]
      Request finished HTTP/1.1 GET http://localhost:5141/_content/BootstrapBlazor.FontAwesome/css/font-awesome.min.7mw5e8h29x.css - 200 75744 text/css 2.7975ms
info: Microsoft.AspNetCore.StaticAssets.StaticAssetsInvoker[2]
      Sending file. Request path: '_content/BootstrapBlazor/js/bootstrap.blazor.bundle.min.js'. Physical path: '/app/Homer.NetDaemon/obj/Debug/net11.0/compressed/384tdka5d1-{0}-wvublzrdv8-wvublzrdv8.gz'
info: Microsoft.AspNetCore.Routing.EndpointMiddleware[1]
      Executed endpoint 'Microsoft.AspNetCore.Routing.RouteEndpoint'
info: Microsoft.AspNetCore.Hosting.Diagnostics[2]
      Request finished HTTP/1.1 GET http://localhost:5141/_content/BootstrapBlazor/js/bootstrap.blazor.bundle.min.js - 200 80539 text/javascript 1.9205ms
info: Microsoft.AspNetCore.StaticAssets.StaticAssetsInvoker[2]
      Sending file. Request path: '_content/BootstrapBlazor/css/bootstrap.blazor.bundle.min.j9moevjkyc.css'. Physical path: '/home/jules/.nuget/packages/bootstrapblazor/10.7.1/staticwebassets/css/bootstrap.blazor.bundle.min.css'
info: Microsoft.AspNetCore.Routing.EndpointMiddleware[1]
      Executed endpoint 'Microsoft.AspNetCore.Routing.RouteEndpoint'
info: Microsoft.AspNetCore.Hosting.Diagnostics[2]
      Request finished HTTP/1.1 GET http://localhost:5141/_content/BootstrapBlazor/css/bootstrap.blazor.bundle.min.j9moevjkyc.css - 200 566908 text/css 8.5936ms
info: Microsoft.AspNetCore.Hosting.Diagnostics[1]
      Request starting HTTP/1.1 GET http://localhost:5141/_framework/blazor.web.js - - -
info: Microsoft.AspNetCore.Routing.EndpointMiddleware[0]
      Executing endpoint 'Microsoft.AspNetCore.Routing.RouteEndpoint'
info: Microsoft.AspNetCore.StaticAssets.StaticAssetsInvoker[2]
      Sending file. Request path: '_framework/blazor.web.js'. Physical path: '/app/Homer.NetDaemon/obj/Debug/net11.0/compressed/jy6c0macvy-{0}-jhtu0pd8ny-jhtu0pd8ny.gz'
info: Microsoft.AspNetCore.Routing.EndpointMiddleware[1]
      Executed endpoint 'Microsoft.AspNetCore.Routing.RouteEndpoint'
info: Microsoft.AspNetCore.Hosting.Diagnostics[2]
      Request finished HTTP/1.1 GET http://localhost:5141/_framework/blazor.web.js - 200 63993 text/javascript 1.5884ms
info: Microsoft.AspNetCore.Hosting.Diagnostics[1]
      Request starting HTTP/1.1 GET http://localhost:5141/_content/BootstrapBlazor.FontAwesome/webfonts/fa-solid-900.woff2 - - -
info: Microsoft.AspNetCore.Routing.EndpointMiddleware[0]
      Executing endpoint 'Microsoft.AspNetCore.Routing.RouteEndpoint'
info: Microsoft.AspNetCore.StaticAssets.StaticAssetsInvoker[2]
      Sending file. Request path: '_content/BootstrapBlazor.FontAwesome/webfonts/fa-solid-900.woff2'. Physical path: '/home/jules/.nuget/packages/bootstrapblazor.fontawesome/10.0.1/staticwebassets/webfonts/fa-solid-900.woff2'
info: Microsoft.AspNetCore.Routing.EndpointMiddleware[1]
      Executed endpoint 'Microsoft.AspNetCore.Routing.RouteEndpoint'
info: Microsoft.AspNetCore.Hosting.Diagnostics[2]
      Request finished HTTP/1.1 GET http://localhost:5141/_content/BootstrapBlazor.FontAwesome/webfonts/fa-solid-900.woff2 - 200 114740 font/woff2 3.3014ms
info: Microsoft.AspNetCore.Hosting.Diagnostics[1]
      Request starting HTTP/1.1 GET http://localhost:5141/_framework/Microsoft.DotNet.HotReload.WebAssembly.Browser.p2tktok1gl.lib.module.js - - -
info: Microsoft.AspNetCore.Routing.EndpointMiddleware[0]
      Executing endpoint 'Microsoft.AspNetCore.Routing.RouteEndpoint'
info: Microsoft.AspNetCore.StaticAssets.StaticAssetsInvoker[2]
      Sending file. Request path: '_framework/Microsoft.DotNet.HotReload.WebAssembly.Browser.p2tktok1gl.lib.module.js'. Physical path: '/app/Homer.NetDaemon.Client/obj/Debug/net11.0/compressed/oglonkgrj9-{0}-p2tktok1gl-p2tktok1gl.gz'
info: Microsoft.AspNetCore.Routing.EndpointMiddleware[1]
      Executed endpoint 'Microsoft.AspNetCore.Routing.RouteEndpoint'
info: Microsoft.AspNetCore.Hosting.Diagnostics[2]
      Request finished HTTP/1.1 GET http://localhost:5141/_framework/Microsoft.DotNet.HotReload.WebAssembly.Browser.p2tktok1gl.lib.module.js - 200 689 text/javascript 0.6415ms
info: Microsoft.AspNetCore.Hosting.Diagnostics[1]
      Request starting HTTP/1.1 POST http://localhost:5141/_blazor/negotiate?negotiateVersion=1 - - 0
info: Microsoft.AspNetCore.Routing.EndpointMiddleware[0]
      Executing endpoint 'Microsoft.AspNetCore.Routing.RouteEndpoint'
info: Microsoft.AspNetCore.Routing.EndpointMiddleware[1]
      Executed endpoint 'Microsoft.AspNetCore.Routing.RouteEndpoint'
info: Microsoft.AspNetCore.Hosting.Diagnostics[2]
      Request finished HTTP/1.1 POST http://localhost:5141/_blazor/negotiate?negotiateVersion=1 - 200 316 application/json 1.8766ms
info: Microsoft.AspNetCore.Hosting.Diagnostics[1]
      Request starting HTTP/1.1 GET http://localhost:5141/_blazor?id=VpyaBZLLVlcb3f_lwoa_IQ - - -
info: Microsoft.AspNetCore.Routing.EndpointMiddleware[0]
      Executing endpoint 'Microsoft.AspNetCore.Routing.RouteEndpoint'
info: Microsoft.AspNetCore.Routing.EndpointMiddleware[1]
      Executed endpoint 'Microsoft.AspNetCore.Routing.RouteEndpoint'
info: Microsoft.AspNetCore.Hosting.Diagnostics[2]
      Request finished HTTP/1.1 GET http://localhost:5141/_blazor?id=VpyaBZLLVlcb3f_lwoa_IQ - 101 - - 6399.9372ms
info: NetDaemon.Runtime.Internal.NetDaemonRuntime[0]
      Home Assistant disconnected due to unknown error, set loglevel to debug to view details
info: NetDaemon.Client.IHomeAssistantRunner[0]
      Client connection failed, retrying in 80 seconds...
info: NetDaemon.Runtime.Internal.NetDaemonRuntime[0]
      Home Assistant disconnected due to unknown error, set loglevel to debug to view details
info: NetDaemon.Client.IHomeAssistantRunner[0]
      Client connection failed, retrying in 80 seconds...
info: NetDaemon.Runtime.Internal.NetDaemonRuntime[0]
      Home Assistant disconnected due to unknown error, set loglevel to debug to view details
info: NetDaemon.Client.IHomeAssistantRunner[0]
      Client connection failed, retrying in 80 seconds...
info: NetDaemon.Runtime.Internal.NetDaemonRuntime[0]
      Home Assistant disconnected due to unknown error, set loglevel to debug to view details
info: NetDaemon.Client.IHomeAssistantRunner[0]
      Client connection failed, retrying in 80 seconds...
info: Microsoft.Hosting.Lifetime[0]
      Application is shutting down...
info: NetDaemon.Runtime.Internal.RuntimeService[0]
      NetDaemon RuntimeService is stopping
Unhandled exception. System.InvalidOperationException: No connection to Home Assistant
   at NetDaemon.HassModel.Internal.AppScopedHaContextProvider.CallService(String domain, String service, ServiceTarget target, Object data)
   at NetDaemon.HassModel.Entities.EntityExtensions.CallService(IEntityCore entity, String service, Object data)
   at Homer.NetDaemon.Entities.SwitchEntityExtensionMethods.TurnOff(ISwitchEntityCore target, Object data) in /app/Homer.NetDaemon/Entities/Entities.cs:line 10892
   at Homer.NetDaemon.Services.WaterHeaterTurnOffChannel.StopAsync(CancellationToken cancellationToken) in /app/Homer.NetDaemon/Services/WaterHeaterTurnOffChannel.cs:line 27
   at Homer.NetDaemon.Services.WaterHeaterTurnOffChannel.StopAsync(CancellationToken cancellationToken) in /app/Homer.NetDaemon/Services/WaterHeaterTurnOffChannel.cs:line 27
   at Microsoft.Extensions.Hosting.Internal.Host.ForeachService[T](IEnumerable`1 services, CancellationToken token, Boolean concurrent, Boolean abortOnFirstException, List`1 exceptions, Func`3 operation)
   at Microsoft.Extensions.Hosting.Internal.Host.StopAsync(CancellationToken cancellationToken)
   at Microsoft.Extensions.Hosting.HostingAbstractionsHostExtensions.WaitForShutdownAsync(IHost host, CancellationToken token)
   at Microsoft.Extensions.Hosting.HostingAbstractionsHostExtensions.RunAsync(IHost host, CancellationToken token)
   at Microsoft.Extensions.Hosting.HostingAbstractionsHostExtensions.RunAsync(IHost host, CancellationToken token)
   at Microsoft.Extensions.Hosting.HostingAbstractionsHostExtensions.Run(IHost host)
   at Program.<Main>$(String[] args) in /app/Homer.NetDaemon/Program.cs:line 137
